This file contains any messages produced by compilers while
running configure, to aid debugging if configure makes a mistake.

It was created by transcode configure 1.0.5, which was
generated by GNU Autoconf 2.61.  Invocation command line was

  $ /tmp/transcode-1.0.5/configure 

## --------- ##
## Platform. ##
## --------- ##

hostname = thinkpad
uname -m = i686
uname -r = 2.6.23.16-smp
uname -s = Linux
uname -v = #6 SMP Sat Feb 16 19:14:45 CET 2008

/usr/bin/uname -p = Intel(R) Celeron(R) M processor         1.40GHz
/bin/uname -X     = unknown

/bin/arch              = i686
/usr/bin/arch -k       = unknown
/usr/convex/getsysinfo = unknown
/usr/bin/hostinfo      = unknown
/bin/machine           = unknown
/usr/bin/oslevel       = unknown
/bin/universe          = unknown

PATH: /home/tom/bin
PATH: /usr/local/bin
PATH: /usr/bin
PATH: /bin
PATH: /usr/games
PATH: /usr/lib/qt/bin
PATH: .


## ----------- ##
## Core tests. ##
## ----------- ##

configure:2430: checking build system type
configure:2448: result: i686-pc-linux-gnu
configure:2470: checking host system type
configure:2485: result: i686-pc-linux-gnu
configure:2507: checking target system type
configure:2522: result: i686-pc-linux-gnu
configure:2565: checking for a BSD-compatible install
configure:2621: result: /usr/bin/ginstall -c
configure:2632: checking whether build environment is sane
configure:2675: result: yes
configure:2732: checking for gawk
configure:2748: found /usr/bin/gawk
configure:2759: result: gawk
configure:2770: checking whether make sets $(MAKE)
configure:2791: result: yes
configure:2812: error: source directory already configured; run "make distclean" there first

## ---------------- ##
## Cache variables. ##
## ---------------- ##

ac_cv_build=i686-pc-linux-gnu
ac_cv_env_CCASFLAGS_set=
ac_cv_env_CCASFLAGS_value=
ac_cv_env_CCAS_set=
ac_cv_env_CCAS_value=
ac_cv_env_CCC_set=
ac_cv_env_CCC_value=
ac_cv_env_CC_set=
ac_cv_env_CC_value=
ac_cv_env_CFLAGS_set=
ac_cv_env_CFLAGS_value=
ac_cv_env_CPPFLAGS_set=
ac_cv_env_CPPFLAGS_value=
ac_cv_env_CPP_set=
ac_cv_env_CPP_value=
ac_cv_env_CXXCPP_set=
ac_cv_env_CXXCPP_value=
ac_cv_env_CXXFLAGS_set=
ac_cv_env_CXXFLAGS_value=
ac_cv_env_CXX_set=
ac_cv_env_CXX_value=
ac_cv_env_F77_set=
ac_cv_env_F77_value=
ac_cv_env_FFLAGS_set=
ac_cv_env_FFLAGS_value=
ac_cv_env_LDFLAGS_set=
ac_cv_env_LDFLAGS_value=
ac_cv_env_LIBS_set=
ac_cv_env_LIBS_value=
ac_cv_env_XMKMF_set=
ac_cv_env_XMKMF_value=
ac_cv_env_build_alias_set=
ac_cv_env_build_alias_value=
ac_cv_env_host_alias_set=
ac_cv_env_host_alias_value=
ac_cv_env_target_alias_set=
ac_cv_env_target_alias_value=
ac_cv_host=i686-pc-linux-gnu
ac_cv_path_install='/usr/bin/ginstall -c'
ac_cv_prog_AWK=gawk
ac_cv_prog_make_make_set=yes
ac_cv_target=i686-pc-linux-gnu

## ----------------- ##
## Output variables. ##
## ----------------- ##

A52_CFLAGS=''
A52_LIBS=''
AC3_CFLAGS=''
AC3_LIBS=''
ACLIB_CFLAGS=''
ACLIB_LIBS=''
ACLOCAL=''
ALLOCA=''
ALTIVEC_CFLAGS=''
AMDEPBACKSLASH=''
AMDEP_FALSE=''
AMDEP_TRUE=''
AMTAR=''
AR=''
ARCH_PPC_FALSE=''
ARCH_PPC_TRUE=''
ARCH_X86_64_FALSE=''
ARCH_X86_64_TRUE=''
ARCH_X86_FALSE=''
ARCH_X86_TRUE=''
ASFLAGS=''
AUTOCONF=''
AUTOHEADER=''
AUTOMAKE=''
AVIFILE_CFLAGS=''
AVIFILE_LIBS=''
AVILIB_CFLAGS=''
AVILIB_LIBS=''
AWK='gawk'
BSDAV_CFLAGS=''
BSDAV_LIBS=''
CAN_COMPILE_C_ALTIVEC_FALSE=''
CAN_COMPILE_C_ALTIVEC_TRUE=''
CC=''
CCAS=''
CCASFLAGS=''
CCDEPMODE=''
CFLAGS=''
CPP=''
CPPFLAGS=''
CXX=''
CXXCPP=''
CXXDEPMODE=''
CXXFLAGS=''
CYGPATH_W=''
DEFS=''
DEPDIR=''
DLDARWININCL=''
DLDARWINLIB=''
DLDARWINOBJECTS=''
ECHO='echo'
ECHO_C=''
ECHO_N='-n'
ECHO_T=''
EGREP=''
EXEEXT=''
F77=''
FFLAGS=''
FREETYPE2_CFLAGS=''
FREETYPE2_LIBS=''
GREP=''
HAVE_3DNOW_FALSE=''
HAVE_3DNOW_TRUE=''
HAVE_A52_FALSE=''
HAVE_A52_TRUE=''
HAVE_AVIFILE_FALSE=''
HAVE_AVIFILE_TRUE=''
HAVE_BKTR_FALSE=''
HAVE_BKTR_TRUE=''
HAVE_BSDAV_FALSE=''
HAVE_BSDAV_TRUE=''
HAVE_DIVX_DECORE_FALSE=''
HAVE_DIVX_DECORE_TRUE=''
HAVE_DIVX_ENCORE2_FALSE=''
HAVE_DIVX_ENCORE2_TRUE=''
HAVE_FOMIT_FP_FALSE=''
HAVE_FOMIT_FP_TRUE=''
HAVE_FREETYPE2_FALSE=''
HAVE_FREETYPE2_TRUE=''
HAVE_GCC2_FALSE=''
HAVE_GCC2_TRUE=''
HAVE_GCC4_FALSE=''
HAVE_GCC4_TRUE=''
HAVE_GCC_FALSE=''
HAVE_GCC_TRUE=''
HAVE_IBP_FALSE=''
HAVE_IBP_TRUE=''
HAVE_ICONV_FALSE=''
HAVE_ICONV_TRUE=''
HAVE_IMAGEMAGICK_FALSE=''
HAVE_IMAGEMAGICK_TRUE=''
HAVE_LAME_FALSE=''
HAVE_LAME_TRUE=''
HAVE_LIBDVDREAD_FALSE=''
HAVE_LIBDVDREAD_TRUE=''
HAVE_LIBDV_FALSE=''
HAVE_LIBDV_TRUE=''
HAVE_LIBFAME_FALSE=''
HAVE_LIBFAME_TRUE=''
HAVE_LIBJPEG_FALSE=''
HAVE_LIBJPEG_TRUE=''
HAVE_LIBMPEG2_FALSE=''
HAVE_LIBMPEG2_TRUE=''
HAVE_LIBMPEG3_FALSE=''
HAVE_LIBMPEG3_TRUE=''
HAVE_LIBPOSTPROC_FALSE=''
HAVE_LIBPOSTPROC_TRUE=''
HAVE_LIBQUICKTIME_FALSE=''
HAVE_LIBQUICKTIME_TRUE=''
HAVE_LIBXML2_FALSE=''
HAVE_LIBXML2_TRUE=''
HAVE_LIBXPM_FALSE=''
HAVE_LIBXPM_TRUE=''
HAVE_LIBXV_FALSE=''
HAVE_LIBXV_TRUE=''
HAVE_LZO_FALSE=''
HAVE_LZO_TRUE=''
HAVE_MJPEGTOOLS_FALSE=''
HAVE_MJPEGTOOLS_TRUE=''
HAVE_MMX_FALSE=''
HAVE_MMX_TRUE=''
HAVE_NUV_FALSE=''
HAVE_NUV_TRUE=''
HAVE_OGG_FALSE=''
HAVE_OGG_TRUE=''
HAVE_OSS_FALSE=''
HAVE_OSS_TRUE=''
HAVE_PVM3_FALSE=''
HAVE_PVM3_TRUE=''
HAVE_SDL_FALSE=''
HAVE_SDL_TRUE=''
HAVE_SSE2_FALSE=''
HAVE_SSE2_TRUE=''
HAVE_SSE_FALSE=''
HAVE_SSE_TRUE=''
HAVE_SUNAU_FALSE=''
HAVE_SUNAU_TRUE=''
HAVE_THEORA_FALSE=''
HAVE_THEORA_TRUE=''
HAVE_V4L_FALSE=''
HAVE_V4L_TRUE=''
HAVE_VORBIS_FALSE=''
HAVE_VORBIS_TRUE=''
HAVE_X11_FALSE=''
HAVE_X11_TRUE=''
HAVE_XAW_SIMPLE_FALSE=''
HAVE_XAW_SIMPLE_TRUE=''
IBP_LIBS=''
ICONV_CFLAGS=''
ICONV_LIBS=''
IMAGEMAGICK_CFLAGS=''
IMAGEMAGICK_LIBS=''
INSTALL_DATA='${INSTALL} -m 644'
INSTALL_PROGRAM='${INSTALL}'
INSTALL_SCRIPT='${INSTALL}'
INSTALL_STRIP_PROGRAM=''
LAME_CFLAGS=''
LAME_LIBS=''
LDFLAGS=''
LIBAVCODEC_BUILD=''
LIBAVCODEC_CFLAGS=''
LIBAVCODEC_LIBS=''
LIBAVCODEC_VERSION=''
LIBDVDREAD_CFLAGS=''
LIBDVDREAD_LIBS=''
LIBDV_CFLAGS=''
LIBDV_LIBS=''
LIBFAME_CFLAGS=''
LIBFAME_LIBS=''
LIBJPEG_CFLAGS=''
LIBJPEG_LIBS=''
LIBMPEG2_CFLAGS=''
LIBMPEG2_LIBS=''
LIBMPEG3_CFLAGS=''
LIBMPEG3_LIBS=''
LIBOBJS=''
LIBPOSTPROC_CFLAGS=''
LIBPOSTPROC_LIBS=''
LIBQUICKTIME_CFLAGS=''
LIBQUICKTIME_LIBS=''
LIBS=''
LIBTC_CFLAGS=''
LIBTC_LIBS=''
LIBTOOL=''
LIBVO_CFLAGS=''
LIBVO_LIBS=''
LIBXML2_CFLAGS=''
LIBXML2_LIBS=''
LN_S=''
LTLIBOBJS=''
LZO_CFLAGS=''
LZO_LIBS=''
MAINT=''
MAINTAINER_MODE_FALSE=''
MAINTAINER_MODE_TRUE=''
MAKEINFO=''
MJPEGTOOLS_CFLAGS=''
MJPEGTOOLS_LIBS=''
MOD_PATH=''
NET_STREAM_FALSE=''
NET_STREAM_TRUE=''
OBJEXT=''
OGG_CFLAGS=''
OGG_LIBS=''
PACKAGE=''
PACKAGE_BUGREPORT=''
PACKAGE_NAME='transcode'
PACKAGE_STRING='transcode 1.0.5'
PACKAGE_TARNAME='transcode'
PACKAGE_VERSION='1.0.5'
PATH_SEPARATOR=':'
PATH_TO_AWK=''
PKG_CONFIG=''
PTHREAD_CFLAGS=''
PTHREAD_LIBS=''
PVM3_CFLAGS=''
PVM3_LIBS=''
PVM3_PVMGS=''
RANLIB=''
SDL_CFLAGS=''
SDL_LIBS=''
SET_MAKE=''
SHELL='/bin/sh'
STRIP=''
SUPPORT_INCLUDES=''
SUPPORT_LIBS=''
SUPPORT_OBJECTS=''
SYSTEM_DARWIN_FALSE=''
SYSTEM_DARWIN_TRUE=''
TCIOAUX_CFLAGS=''
TCIOAUX_LIBS=''
THEORA_CFLAGS=''
THEORA_LIBS=''
VERSION=''
VORBIS_CFLAGS=''
VORBIS_LIBS=''
WORDS_BIGENDIAN_FALSE=''
WORDS_BIGENDIAN_TRUE=''
XIO_CFLAGS=''
XIO_LIBS=''
XMKMF=''
XVID_DEFAULT=''
X_CFLAGS=''
X_EXTRA_LIBS=''
X_LIBS=''
X_PRE_LIBS=''
a52_config=''
ac_ct_CC=''
ac_ct_CXX=''
ac_ct_F77=''
am__fastdepCC_FALSE=''
am__fastdepCC_TRUE=''
am__fastdepCXX_FALSE=''
am__fastdepCXX_TRUE=''
am__include=''
am__leading_dot='.'
am__quote=''
avifile_config=''
bindir='${exec_prefix}/bin'
bsdav_config=''
build='i686-pc-linux-gnu'
build_alias=''
build_cpu='i686'
build_os='linux-gnu'
build_vendor='pc'
datadir='${datarootdir}'
datarootdir='${prefix}/share'
docdir='${datarootdir}/doc/${PACKAGE_TARNAME}'
dvidir='${docdir}'
exec_prefix='NONE'
freetype2_config=''
host='i686-pc-linux-gnu'
host_alias=''
host_cpu='i686'
host_os='linux-gnu'
host_vendor='pc'
htmldir='${docdir}'
iconv_config=''
imagemagick_config=''
includedir='${prefix}/include'
infodir='${datarootdir}/info'
install_sh=''
lame_config=''
libavcodec_config=''
libdir='${exec_prefix}/lib'
libdv_config=''
libdvdread_config=''
libexecdir='${exec_prefix}/libexec'
libfame_config=''
libjpeg_config=''
libjpegmmx_config=''
libmpeg2_config=''
libmpeg3_config=''
libpostproc_config=''
libquicktime_config=''
libxml2_config=''
localedir='${datarootdir}/locale'
localstatedir='${prefix}/var'
lzo_config=''
mandir='${datarootdir}/man'
mjpegtools_config=''
mkdir_p='mkdir -p -- .'
ogg_config=''
oldincludedir='/usr/include'
pdfdir='${docdir}'
prefix='NONE'
program_transform_name='s,x,x,'
psdir='${docdir}'
pvm3_config=''
sbindir='${exec_prefix}/sbin'
sdl_config=''
sharedstatedir='${prefix}/com'
sysconfdir='${prefix}/etc'
target='i686-pc-linux-gnu'
target_alias=''
target_cpu='i686'
target_os='linux-gnu'
target_vendor='pc'
theora_config=''
vorbis_config=''
x_includes='NONE'
x_libraries='NONE'

## ----------- ##
## confdefs.h. ##
## ----------- ##

#define PACKAGE_NAME "transcode"
#define PACKAGE_TARNAME "transcode"
#define PACKAGE_VERSION "1.0.5"
#define PACKAGE_STRING "transcode 1.0.5"
#define PACKAGE_BUGREPORT ""

configure: exit 1
